# JRE version: OpenJDK Runtime Environment (8.0_76-b03) (build 1.8.0_76-release-b03)
# Java VM: OpenJDK 64-Bit Server VM (25.76-b03 mixed mode linux-amd64 compressed oops)
Heap:
 PSYoungGen      total 58368K, used 11254K [0x00000000eab00000, 0x00000000ef100000, 0x0000000100000000)
  eden space 47104K, 0% used [0x00000000eab00000,0x00000000eab00000,0x00000000ed900000)
  from space 11264K, 99% used [0x00000000ed900000,0x00000000ee3fdab8,0x00000000ee400000)
  to   space 9216K, 0% used [0x00000000ee400000,0x00000000ee400000,0x00000000eed00000)
 ParOldGen       total 32768K, used 20821K [0x00000000c0000000, 0x00000000c2000000, 0x00000000eab00000)
  object space 32768K, 63% used [0x00000000c0000000,0x00000000c14554b8,0x00000000c2000000)
 Metaspace       used 5489K, capacity 6960K, committed 7040K, reserved 1056768K
  class space    used 517K, capacity 616K, committed 640K, reserved 1048576K
GC Heap History (10 events):
Event: 3.689 GC heap after
Heap after GC invocations=2 (full 0):
 PSYoungGen      total 14336K, used 2032K [0x00000000eab00000, 0x00000000ec700000, 0x0000000100000000)
  eden space 12288K, 0% used [0x00000000eab00000,0x00000000eab00000,0x00000000eb700000)
  from space 2048K, 99% used [0x00000000eb900000,0x00000000ebafc028,0x00000000ebb00000)
  to   space 2048K, 0% used [0x00000000eb700000,0x00000000eb700000,0x00000000eb900000)
 ParOldGen       total 32768K, used 2924K [0x00000000c0000000, 0x00000000c2000000, 0x00000000eab00000)
  object space 32768K, 8% used [0x00000000c0000000,0x00000000c02db3f0,0x00000000c2000000)
 Metaspace       used 5293K, capacity 6768K, committed 7040K, reserved 1056768K
  class space    used 514K, capacity 616K, committed 640K, reserved 1048576K
}
Event: 4.700 GC heap before
{Heap before GC invocations=3 (full 0):
 PSYoungGen      total 14336K, used 14320K [0x00000000eab00000, 0x00000000ec700000, 0x0000000100000000)
  eden space 12288K, 100% used [0x00000000eab00000,0x00000000eb700000,0x00000000eb700000)
  from space 2048K, 99% used [0x00000000eb900000,0x00000000ebafc028,0x00000000ebb00000)
  to   space 2048K, 0% used [0x00000000eb700000,0x00000000eb700000,0x00000000eb900000)
 ParOldGen       total 32768K, used 2924K [0x00000000c0000000, 0x00000000c2000000, 0x00000000eab00000)
  object space 32768K, 8% used [0x00000000c0000000,0x00000000c02db3f0,0x00000000c2000000)
 Metaspace       used 5313K, capacity 6768K, committed 7040K, reserved 1056768K
  class space    used 516K, capacity 616K, committed 640K, reserved 1048576K
Event: 4.796 GC heap after
Heap after GC invocations=3 (full 0):
 PSYoungGen      total 14336K, used 2034K [0x00000000eab00000, 0x00000000ec700000, 0x0000000100000000)
  eden space 12288K, 0% used [0x00000000eab00000,0x00000000eab00000,0x00000000eb700000)
  from space 2048K, 99% used [0x00000000eb700000,0x00000000eb8fcba0,0x00000000eb900000)
  to   space 2048K, 0% used [0x00000000ec500000,0x00000000ec500000,0x00000000ec700000)
 ParOldGen       total 32768K, used 6305K [0x00000000c0000000, 0x00000000c2000000, 0x00000000eab00000)
  object space 32768K, 19% used [0x00000000c0000000,0x00000000c06287a8,0x00000000c2000000)
 Metaspace       used 5313K, capacity 6768K, committed 7040K, reserved 1056768K
  class space    used 516K, capacity 616K, committed 640K, reserved 1048576K
}
Event: 600.925 GC heap before
{Heap before GC invocations=4 (full 0):
 PSYoungGen      total 14336K, used 14322K [0x00000000eab00000, 0x00000000ec700000, 0x0000000100000000)
  eden space 12288K, 100% used [0x00000000eab00000,0x00000000eb700000,0x00000000eb700000)
  from space 2048K, 99% used [0x00000000eb700000,0x00000000eb8fcba0,0x00000000eb900000)
  to   space 2048K, 0% used [0x00000000ec500000,0x00000000ec500000,0x00000000ec700000)
 ParOldGen       total 32768K, used 6305K [0x00000000c0000000, 0x00000000c2000000, 0x00000000eab00000)
  object space 32768K, 19% used [0x00000000c0000000,0x00000000c06287a8,0x00000000c2000000)
 Metaspace       used 5322K, capacity 6768K, committed 7040K, reserved 1056768K
  class space    used 517K, capacity 616K, committed 640K, reserved 1048576K
Event: 600.943 GC heap after
Heap after GC invocations=4 (full 0):
 PSYoungGen      total 26624K, used 2018K [0x00000000eab00000, 0x00000000ec700000, 0x0000000100000000)
  eden space 24576K, 0% used [0x00000000eab00000,0x00000000eab00000,0x00000000ec300000)
  from space 2048K, 98% used [0x00000000ec500000,0x00000000ec6f8bb0,0x00000000ec700000)
  to   space 2048K, 0% used [0x00000000ec300000,0x00000000ec300000,0x00000000ec500000)
 ParOldGen       total 32768K, used 11388K [0x00000000c0000000, 0x00000000c2000000, 0x00000000eab00000)
  object space 32768K, 34% used [0x00000000c0000000,0x00000000c0b1f300,0x00000000c2000000)
 Metaspace       used 5322K, capacity 6768K, committed 7040K, reserved 1056768K
  class space    used 517K, capacity 616K, committed 640K, reserved 1048576K
}
Event: 603.658 GC heap before
{Heap before GC invocations=5 (full 0):
 PSYoungGen      total 26624K, used 26594K [0x00000000eab00000, 0x00000000ec700000, 0x0000000100000000)
  eden space 24576K, 100% used [0x00000000eab00000,0x00000000ec300000,0x00000000ec300000)
  from space 2048K, 98% used [0x00000000ec500000,0x00000000ec6f8bb0,0x00000000ec700000)
  to   space 2048K, 0% used [0x00000000ec300000,0x00000000ec300000,0x00000000ec500000)
 ParOldGen       total 32768K, used 11388K [0x00000000c0000000, 0x00000000c2000000, 0x00000000eab00000)
  object space 32768K, 34% used [0x00000000c0000000,0x00000000c0b1f300,0x00000000c2000000)
 Metaspace       used 5419K, capacity 6896K, committed 7040K, reserved 1056768K
  class space    used 517K, capacity 616K, committed 640K, reserved 1048576K
Event: 603.687 GC heap after
Heap after GC invocations=5 (full 0):
 PSYoungGen      total 26624K, used 2036K [0x00000000eab00000, 0x00000000eed00000, 0x0000000100000000)
  eden space 24576K, 0% used [0x00000000eab00000,0x00000000eab00000,0x00000000ec300000)
  from space 2048K, 99% used [0x00000000ec300000,0x00000000ec4fd320,0x00000000ec500000)
  to   space 9216K, 0% used [0x00000000ee400000,0x00000000ee400000,0x00000000eed00000)
 ParOldGen       total 32768K, used 17037K [0x00000000c0000000, 0x00000000c2000000, 0x00000000eab00000)
  object space 32768K, 51% used [0x00000000c0000000,0x00000000c10a3798,0x00000000c2000000)
 Metaspace       used 5419K, capacity 6896K, committed 7040K, reserved 1056768K
  class space    used 517K, capacity 616K, committed 640K, reserved 1048576K
}
Event: 604.389 GC heap before
{Heap before GC invocations=6 (full 0):
 PSYoungGen      total 26624K, used 26612K [0x00000000eab00000, 0x00000000eed00000, 0x0000000100000000)
  eden space 24576K, 100% used [0x00000000eab00000,0x00000000ec300000,0x00000000ec300000)
  from space 2048K, 99% used [0x00000000ec300000,0x00000000ec4fd320,0x00000000ec500000)
  to   space 9216K, 0% used [0x00000000ee400000,0x00000000ee400000,0x00000000eed00000)
 ParOldGen       total 32768K, used 17037K [0x00000000c0000000, 0x00000000c2000000, 0x00000000eab00000)
  object space 32768K, 51% used [0x00000000c0000000,0x00000000c10a3798,0x00000000c2000000)
 Metaspace       used 5457K, capacity 6896K, committed 7040K, reserved 1056768K
  class space    used 517K, capacity 616K, committed 640K, reserved 1048576K
Event: 604.422 GC heap after
Heap after GC invocations=6 (full 0):
 PSYoungGen      total 56320K, used 9197K [0x00000000eab00000, 0x00000000ef100000, 0x0000000100000000)
  eden space 47104K, 0% used [0x00000000eab00000,0x00000000eab00000,0x00000000ed900000)
  from space 9216K, 99% used [0x00000000ee400000,0x00000000eecfb7a0,0x00000000eed00000)
  to   space 11264K, 0% used [0x00000000ed900000,0x00000000ed900000,0x00000000ee400000)
 ParOldGen       total 32768K, used 17941K [0x00000000c0000000, 0x00000000c2000000, 0x00000000eab00000)
  object space 32768K, 54% used [0x00000000c0000000,0x00000000c1185798,0x00000000c2000000)
 Metaspace       used 5457K, capacity 6896K, committed 7040K, reserved 1056768K
  class space    used 517K, capacity 616K, committed 640K, reserved 1048576K
}
Event: 607.349 GC heap before
{Heap before GC invocations=7 (full 0):
 PSYoungGen      total 56320K, used 56301K [0x00000000eab00000, 0x00000000ef100000, 0x0000000100000000)
  eden space 47104K, 100% used [0x00000000eab00000,0x00000000ed900000,0x00000000ed900000)
  from space 9216K, 99% used [0x00000000ee400000,0x00000000eecfb7a0,0x00000000eed00000)
  to   space 11264K, 0% used [0x00000000ed900000,0x00000000ed900000,0x00000000ee400000)
 ParOldGen       total 32768K, used 17941K [0x00000000c0000000, 0x00000000c2000000, 0x00000000eab00000)
  object space 32768K, 54% used [0x00000000c0000000,0x00000000c1185798,0x00000000c2000000)
 Metaspace       used 5489K, capacity 6960K, committed 7040K, reserved 1056768K
  class space    used 517K, capacity 616K, committed 640K, reserved 1048576K

